# JRE version: OpenJDK Runtime Environment (8.0_152-b06) (build 1.8.0_152-release-1136-b06)
# Java VM: OpenJDK 64-Bit Server VM (25.152-b06 mixed mode windows-amd64 compressed oops)
Heap:
 PSYoungGen      total 258048K, used 78725K [0x00000000eab00000, 0x00000000fd700000, 0x0000000100000000)
  eden space 232960K, 25% used [0x00000000eab00000,0x00000000ee4e51f0,0x00000000f8e80000)
  from space 25088K, 77% used [0x00000000fac00000,0x00000000fbefc210,0x00000000fc480000)
  to   space 30208K, 0% used [0x00000000f8e80000,0x00000000f8e80000,0x00000000fac00000)
 ParOldGen       total 124928K, used 57142K [0x00000000c0000000, 0x00000000c7a00000, 0x00000000eab00000)
  object space 124928K, 45% used [0x00000000c0000000,0x00000000c37cdae0,0x00000000c7a00000)
 Metaspace       used 99294K, capacity 103735K, committed 103936K, reserved 1140736K
  class space    used 12479K, capacity 13410K, committed 13568K, reserved 1048576K
GC Heap History (10 events):
Event: 5425.692 GC heap before
{Heap before GC invocations=34 (full 4):
 PSYoungGen      total 263168K, used 250640K [0x00000000eab00000, 0x00000000fd700000, 0x0000000100000000)
  eden space 232960K, 100% used [0x00000000eab00000,0x00000000f8e80000,0x00000000f8e80000)
  from space 30208K, 58% used [0x00000000f8e80000,0x00000000f9fc43b0,0x00000000fac00000)
  to   space 25088K, 0% used [0x00000000fac00000,0x00000000fac00000,0x00000000fc480000)
 ParOldGen       total 124928K, used 57102K [0x00000000c0000000, 0x00000000c7a00000, 0x00000000eab00000)
  object space 124928K, 45% used [0x00000000c0000000,0x00000000c37c3ae0,0x00000000c7a00000)
 Metaspace       used 99117K, capacity 103511K, committed 103680K, reserved 1138688K
  class space    used 12469K, capacity 13404K, committed 13568K, reserved 1048576K
Event: 5425.708 GC heap after
Heap after GC invocations=34 (full 4):
 PSYoungGen      total 258048K, used 15026K [0x00000000eab00000, 0x00000000fd700000, 0x0000000100000000)
  eden space 232960K, 0% used [0x00000000eab00000,0x00000000eab00000,0x00000000f8e80000)
  from space 25088K, 59% used [0x00000000fac00000,0x00000000fbaac8c8,0x00000000fc480000)
  to   space 30208K, 0% used [0x00000000f8e80000,0x00000000f8e80000,0x00000000fac00000)
 ParOldGen       total 124928K, used 57110K [0x00000000c0000000, 0x00000000c7a00000, 0x00000000eab00000)
  object space 124928K, 45% used [0x00000000c0000000,0x00000000c37c5ae0,0x00000000c7a00000)
 Metaspace       used 99117K, capacity 103511K, committed 103680K, reserved 1138688K
  class space    used 12469K, capacity 13404K, committed 13568K, reserved 1048576K
}
Event: 5426.543 GC heap before
{Heap before GC invocations=35 (full 4):
 PSYoungGen      total 258048K, used 247986K [0x00000000eab00000, 0x00000000fd700000, 0x0000000100000000)
  eden space 232960K, 100% used [0x00000000eab00000,0x00000000f8e80000,0x00000000f8e80000)
  from space 25088K, 59% used [0x00000000fac00000,0x00000000fbaac8c8,0x00000000fc480000)
  to   space 30208K, 0% used [0x00000000f8e80000,0x00000000f8e80000,0x00000000fac00000)
 ParOldGen       total 124928K, used 57110K [0x00000000c0000000, 0x00000000c7a00000, 0x00000000eab00000)
  object space 124928K, 45% used [0x00000000c0000000,0x00000000c37c5ae0,0x00000000c7a00000)
 Metaspace       used 99147K, capacity 103575K, committed 103936K, reserved 1140736K
  class space    used 12470K, capacity 13404K, committed 13568K, reserved 1048576K
Event: 5426.565 GC heap after
Heap after GC invocations=35 (full 4):
 PSYoungGen      total 263168K, used 20237K [0x00000000eab00000, 0x00000000fd700000, 0x0000000100000000)
  eden space 232960K, 0% used [0x00000000eab00000,0x00000000eab00000,0x00000000f8e80000)
  from space 30208K, 66% used [0x00000000f8e80000,0x00000000fa243530,0x00000000fac00000)
  to   space 25088K, 0% used [0x00000000fac00000,0x00000000fac00000,0x00000000fc480000)
 ParOldGen       total 124928K, used 57118K [0x00000000c0000000, 0x00000000c7a00000, 0x00000000eab00000)
  object space 124928K, 45% used [0x00000000c0000000,0x00000000c37c7ae0,0x00000000c7a00000)
 Metaspace       used 99147K, capacity 103575K, committed 103936K, reserved 1140736K
  class space    used 12470K, capacity 13404K, committed 13568K, reserved 1048576K
}
Event: 5427.315 GC heap before
{Heap before GC invocations=36 (full 4):
 PSYoungGen      total 263168K, used 253197K [0x00000000eab00000, 0x00000000fd700000, 0x0000000100000000)
  eden space 232960K, 100% used [0x00000000eab00000,0x00000000f8e80000,0x00000000f8e80000)
  from space 30208K, 66% used [0x00000000f8e80000,0x00000000fa243530,0x00000000fac00000)
  to   space 25088K, 0% used [0x00000000fac00000,0x00000000fac00000,0x00000000fc480000)
 ParOldGen       total 124928K, used 57118K [0x00000000c0000000, 0x00000000c7a00000, 0x00000000eab00000)
  object space 124928K, 45% used [0x00000000c0000000,0x00000000c37c7ae0,0x00000000c7a00000)
 Metaspace       used 99168K, capacity 103639K, committed 103936K, reserved 1140736K
  class space    used 12470K, capacity 13404K, committed 13568K, reserved 1048576K
Event: 5427.342 GC heap after
Heap after GC invocations=36 (full 4):
 PSYoungGen      total 258048K, used 20914K [0x00000000eab00000, 0x00000000fd700000, 0x0000000100000000)
  eden space 232960K, 0% used [0x00000000eab00000,0x00000000eab00000,0x00000000f8e80000)
  from space 25088K, 83% used [0x00000000fac00000,0x00000000fc06c908,0x00000000fc480000)
  to   space 30208K, 0% used [0x00000000f8e80000,0x00000000f8e80000,0x00000000fac00000)
 ParOldGen       total 124928K, used 57126K [0x00000000c0000000, 0x00000000c7a00000, 0x00000000eab00000)
  object space 124928K, 45% used [0x00000000c0000000,0x00000000c37c9ae0,0x00000000c7a00000)
 Metaspace       used 99168K, capacity 103639K, committed 103936K, reserved 1140736K
  class space    used 12470K, capacity 13404K, committed 13568K, reserved 1048576K
}
Event: 5428.130 GC heap before
{Heap before GC invocations=37 (full 4):
 PSYoungGen      total 258048K, used 253874K [0x00000000eab00000, 0x00000000fd700000, 0x0000000100000000)
  eden space 232960K, 100% used [0x00000000eab00000,0x00000000f8e80000,0x00000000f8e80000)
  from space 25088K, 83% used [0x00000000fac00000,0x00000000fc06c908,0x00000000fc480000)
  to   space 30208K, 0% used [0x00000000f8e80000,0x00000000f8e80000,0x00000000fac00000)
 ParOldGen       total 124928K, used 57126K [0x00000000c0000000, 0x00000000c7a00000, 0x00000000eab00000)
  object space 124928K, 45% used [0x00000000c0000000,0x00000000c37c9ae0,0x00000000c7a00000)
 Metaspace       used 99184K, capacity 103641K, committed 103936K, reserved 1140736K
  class space    used 12470K, capacity 13405K, committed 13568K, reserved 1048576K
Event: 5428.154 GC heap after
Heap after GC invocations=37 (full 4):
 PSYoungGen      total 263168K, used 19580K [0x00000000eab00000, 0x00000000fd700000, 0x0000000100000000)
  eden space 232960K, 0% used [0x00000000eab00000,0x00000000eab00000,0x00000000f8e80000)
  from space 30208K, 64% used [0x00000000f8e80000,0x00000000fa19f240,0x00000000fac00000)
  to   space 25088K, 0% used [0x00000000fac00000,0x00000000fac00000,0x00000000fc480000)
 ParOldGen       total 124928K, used 57134K [0x00000000c0000000, 0x00000000c7a00000, 0x00000000eab00000)
  object space 124928K, 45% used [0x00000000c0000000,0x00000000c37cbae0,0x00000000c7a00000)
 Metaspace       used 99184K, capacity 103641K, committed 103936K, reserved 1140736K
  class space    used 12470K, capacity 13405K, committed 13568K, reserved 1048576K
}
Event: 5429.228 GC heap before
{Heap before GC invocations=38 (full 4):
 PSYoungGen      total 263168K, used 252540K [0x00000000eab00000, 0x00000000fd700000, 0x0000000100000000)
  eden space 232960K, 100% used [0x00000000eab00000,0x00000000f8e80000,0x00000000f8e80000)
  from space 30208K, 64% used [0x00000000f8e80000,0x00000000fa19f240,0x00000000fac00000)
  to   space 25088K, 0% used [0x00000000fac00000,0x00000000fac00000,0x00000000fc480000)
 ParOldGen       total 124928K, used 57134K [0x00000000c0000000, 0x00000000c7a00000, 0x00000000eab00000)
  object space 124928K, 45% used [0x00000000c0000000,0x00000000c37cbae0,0x00000000c7a00000)
 Metaspace       used 99281K, capacity 103735K, committed 103936K, reserved 1140736K
  class space    used 12479K, capacity 13410K, committed 13568K, reserved 1048576K
Event: 5429.253 GC heap after
Heap after GC invocations=38 (full 4):
 PSYoungGen      total 258048K, used 19440K [0x00000000eab00000, 0x00000000fd700000, 0x0000000100000000)
  eden space 232960K, 0% used [0x00000000eab00000,0x00000000eab00000,0x00000000f8e80000)
  from space 25088K, 77% used [0x00000000fac00000,0x00000000fbefc210,0x00000000fc480000)
  to   space 30208K, 0% used [0x00000000f8e80000,0x00000000f8e80000,0x00000000fac00000)
 ParOldGen       total 124928K, used 57142K [0x00000000c0000000, 0x00000000c7a00000, 0x00000000eab00000)
  object space 124928K, 45% used [0x00000000c0000000,0x00000000c37cdae0,0x00000000c7a00000)
 Metaspace       used 99281K, capacity 103735K, committed 103936K, reserved 1140736K
  class space    used 12479K, capacity 13410K, committed 13568K, reserved 1048576K
}

